<?xml version="1.0" encoding="UTF-8"?>
<!-- Generated by org.testng.reporters.JUnitReportReporter -->
<testsuite hostname="DESKTOP-T9GRIS5" failures="0" tests="5" name="Demo3" time="0.030" errors="0" timestamp="2023-02-23T18:16:52 IST" skipped="0">
  <testcase classname="Demo3" name="APILoginCarLoan" time="0.008"/>
  <system-out/>
  <testcase classname="Demo3" name="WebLoginCarLoan" time="0.010"/>
  <system-out/>
  <testcase classname="Demo3" name="MobileLoginCarLoan" time="0.002"/>
  <system-out/>
  <testcase classname="Demo3" name="MobileSignOutCarLoan" time="0.000"/>
  <system-out/>
  <testcase classname="Demo3" name="MobileSigninCarLoan" time="0.010"/>
  <system-out/>
</testsuite> <!-- Demo3 -->
