<?xml version="1.0" encoding="UTF-8"?>
<!-- Generated by org.testng.reporters.JUnitReportReporter -->
<testsuite hostname="DESKTOP-T9GRIS5" failures="0" tests="1" name="Demo2" time="0.002" errors="0" timestamp="2023-02-23T18:16:52 IST" skipped="0">
  <testcase classname="Demo2" name="test3" time="0.002"/>
  <system-out/>
</testsuite> <!-- Demo2 -->
