<?xml version="1.0" encoding="UTF-8"?>
<!-- Generated by org.testng.reporters.JUnitReportReporter -->
<testsuite hostname="DESKTOP-T9GRIS5" failures="0" tests="5" name="Demo4" time="0.067" errors="0" timestamp="2023-02-23T18:16:52 IST" skipped="0">
  <testcase classname="Demo4" name="APILoginHomeLoan" time="0.020"/>
  <system-out/>
  <testcase classname="Demo4" name="APILoginHomeLoan" time="0.021"/>
  <system-out/>
  <testcase classname="Demo4" name="APILoginHomeLoan" time="0.010"/>
  <system-out/>
  <testcase classname="Demo4" name="MobileLoginHomeLoan" time="0.008"/>
  <system-out/>
  <testcase classname="Demo4" name="WebLoginHomeLoan" time="0.008"/>
  <system-out/>
</testsuite> <!-- Demo4 -->
