<?xml version="1.0" encoding="UTF-8"?>
<!-- Generated by org.testng.reporters.JUnitReportReporter -->
<testsuite hostname="DESKTOP-T9GRIS5" failures="0" tests="3" name="Demo" time="0.038" errors="0" timestamp="2023-02-23T18:16:52 IST" skipped="0">
  <testcase classname="Demo" name="test1" time="0.018"/>
  <system-out/>
  <testcase classname="Demo" name="test2" time="0.010"/>
  <system-out/>
  <testcase classname="Demo" name="test4" time="0.010"/>
  <system-out/>
</testsuite> <!-- Demo -->
